<?xml version="1.0" encoding="UTF-8"?>
<!-- Generated by org.testng.reporters.JUnitXMLReporter -->
<testsuite hostname="LAPTOP-BUSVN3J2" ignored="1" name="Surefire test" tests="4" failures="4" timestamp="2021-08-17T15:22:39 EET" time="18.483" errors="0">
  <testcase name="add_product_to_cart" time="0.0" classname="org.example.Test_Add_Product_To_Cart">
    <failure type="java.lang.NullPointerException">
      <![CDATA[java.lang.NullPointerException
at org.example.Test_Add_Product_To_Cart.add_product_to_cart(Test_Add_Product_To_Cart.java:32)
at java.util.ArrayList.forEach(ArrayList.java:1259)
... Removed 32 stack frames]]>
    </failure>
  </testcase> <!-- add_product_to_cart -->
  <testcase name="go_to_cart" time="0.0" classname="org.example.Test_Add_Product_To_Cart">
    <failure type="java.lang.NullPointerException">
      <![CDATA[java.lang.NullPointerException
at org.example.Test_Add_Product_To_Cart.go_to_cart(Test_Add_Product_To_Cart.java:41)
at java.util.ArrayList.forEach(ArrayList.java:1259)
... Removed 32 stack frames]]>
    </failure>
  </testcase> <!-- go_to_cart -->
  <testcase name="search_a_product" time="0.002" classname="org.example.Test_Add_Product_To_Cart">
    <failure type="java.lang.NullPointerException">
      <![CDATA[java.lang.NullPointerException
at org.example.BasePage.find(BasePage.java:17)
at org.example.BasePage.isDisplayed(BasePage.java:31)
at org.example.HomePage.acceptCoockies(HomePage.java:40)
at org.example.Test_Add_Product_To_Cart.search_a_product(Test_Add_Product_To_Cart.java:17)
at java.util.ArrayList.forEach(ArrayList.java:1259)
... Removed 32 stack frames]]>
    </failure>
  </testcase> <!-- search_a_product -->
  <testcase name="select_a_product" time="0.0" classname="org.example.Test_Add_Product_To_Cart">
    <failure type="java.lang.NullPointerException">
      <![CDATA[java.lang.NullPointerException
at org.example.Test_Add_Product_To_Cart.select_a_product(Test_Add_Product_To_Cart.java:26)
at java.util.ArrayList.forEach(ArrayList.java:1259)
... Removed 32 stack frames]]>
    </failure>
  </testcase> <!-- select_a_product -->
  <testcase name="@BeforeTest setUp" time="0.0" classname="org.example.BaseTest">
    <ignored/>
  </testcase> <!-- @BeforeTest setUp -->
</testsuite> <!-- Surefire test -->
